================================================================
======== txAdmin v8.0.1 atop fxserver 15859 Starting - 6/14/2025, 11:54:45 PM
================================================================
================================================================
======== Log Rotated - 6/14/2025, 11:54:45 PM                   
================================================================
[23:55:20][SkyFrost] logged in from 127.0.0.1 via cfxre
[23:56:22][SkyFrost] Config changes: server.dataPath, server.cfgPath
[23:56:22][SkyFrost] Resetting server data settings.
[23:56:35][SkyFrost] Config changes: server.dataPath
[23:56:35][SkyFrost] Changing global/fxserver settings via setup stepper.
[00:03:35][SkyFrost] [SkyFrost] executed "RESTART SERVER"
================================================================
======== txAdmin v8.0.1 atop fxserver 15859 Starting - 6/15/2025, 12:27:01 AM
================================================================
================================================================
======== txAdmin v8.0.1 atop fxserver 15859 Starting - 6/15/2025, 10:01:45 AM
================================================================
================================================================
======== txAdmin v8.0.1 atop fxserver 15859 Starting - 6/15/2025, 10:23:51 AM
================================================================
================================================================
======== txAdmin v8.0.1 atop fxserver 15859 Starting - 6/15/2025, 10:52:24 AM
================================================================
================================================================
======== txAdmin v8.0.1 atop fxserver 15859 Starting - 6/15/2025, 11:34:51 AM
================================================================
================================================================
======== txAdmin v8.0.1 atop fxserver 15859 Starting - 6/15/2025, 11:35:19 AM
================================================================
================================================================
======== txAdmin v8.0.1 atop fxserver 15859 Starting - 6/15/2025, 11:45:25 AM
================================================================
================================================================
======== txAdmin v8.0.1 atop fxserver 15859 Starting - 6/15/2025, 11:52:10 AM
================================================================
================================================================
======== txAdmin v8.0.1 atop fxserver 15859 Starting - 6/15/2025, 12:04:48 PM
================================================================
================================================================
======== txAdmin v8.0.1 atop fxserver 15859 Starting - 6/15/2025, 12:12:39 PM
================================================================
================================================================
======== txAdmin v8.0.1 atop fxserver 15859 Starting - 6/15/2025, 4:29:50 PM
================================================================
================================================================
======== txAdmin v8.0.1 atop fxserver 15859 Starting - 6/15/2025, 5:44:52 PM
================================================================
================================================================
======== txAdmin v8.0.1 atop fxserver 15859 Starting - 6/15/2025, 10:19:36 PM
================================================================
================================================================
======== txAdmin v8.0.1 atop fxserver 15859 Starting - 6/15/2025, 10:33:05 PM
================================================================
[22:33:36][SkyFrost] logged in from 127.0.0.1 via cfxre
