================================================================
======== Log Rotated - 6/15/2025, 12:00:00 AM                   
================================================================
[12:03:45 AM] txAdmin: Logger started
[12:04:39 AM] [grAwT#1] dido: joined with identifiers [steam:1100…83a1, license:4734…02ef, discord:2898…7489, fivem:213716, license2:4734…02ef]
[12:05:36 AM] [grAwT#1] dido: disconnected (Exiting)
================================================================
======== txAdmin v8.0.1 atop fxserver 15859 Starting - 6/15/2025, 12:27:01 AM
================================================================
[12:27:05 AM] txAdmin: Logger started
[12:27:43 AM] [TiPJf#1] dido: joined with identifiers [steam:1100…83a1, license:4734…02ef, discord:2898…7489, fivem:213716, license2:4734…02ef]
[12:28:35 AM] [TiPJf#1] dido: disconnected (Exiting)
[12:35:21 AM] [TiPJf#2] dido: joined with identifiers [steam:1100…83a1, license:4734…02ef, discord:2898…7489, fivem:213716, license2:4734…02ef]
[12:36:39 AM] [TiPJf#2] dido: disconnected (Exiting)
[12:37:12 AM] [TiPJf#3] dido: joined with identifiers [steam:1100…83a1, license:4734…02ef, discord:2898…7489, fivem:213716, license2:4734…02ef]
[12:41:06 AM] [TiPJf#3] dido: disconnected (Exiting)
================================================================
======== txAdmin v8.0.1 atop fxserver 15859 Starting - 6/15/2025, 10:01:45 AM
================================================================
[10:01:50 AM] txAdmin: Logger started
[10:02:17 AM] [qdYAR#1] dido: joined with identifiers [steam:1100…83a1, license:4734…02ef, discord:2898…7489, fivem:213716, license2:4734…02ef]
[10:20:04 AM] [qdYAR#1] dido: said "/logout"
[10:20:09 AM] [qdYAR#1] dido: disconnected (Exiting)
================================================================
======== txAdmin v8.0.1 atop fxserver 15859 Starting - 6/15/2025, 10:23:51 AM
================================================================
[10:23:55 AM] txAdmin: Logger started
[10:24:28 AM] [twxdn#1] dido: joined with identifiers [steam:1100…83a1, license:4734…02ef, discord:2898…7489, fivem:213716, license2:4734…02ef]
[10:26:48 AM] [twxdn#1] dido: said "/admin"
[10:28:53 AM] [twxdn#1] dido: said "/admin"
[10:29:13 AM] [twxdn#1] dido: said "/dutyon"
[10:29:38 AM] [twxdn#1] dido: said "/logout"
[10:29:38 AM] [twxdn#1] dido: said "/-radiotalk"
[10:31:17 AM] [twxdn#1] dido: said "/dutyon"
[10:32:27 AM] [twxdn#1] dido: said "/logout"
[10:32:27 AM] [twxdn#1] dido: said "/-radiotalk"
[10:32:54 AM] [twxdn#1] dido: said "/dutyon"
[10:32:57 AM] [twxdn#1] dido: said "/dutyon"
[10:33:17 AM] [twxdn#1] dido: said "/admin"
[10:33:24 AM] [twxdn#1] dido: said "/logout"
[10:33:24 AM] [twxdn#1] dido: said "/-radiotalk"
[10:33:52 AM] [twxdn#1] dido: said "/admin"
[10:33:56 AM] [twxdn#1] dido: said "/dutyon"
[10:34:23 AM] [twxdn#1] dido: said "/logout"
[10:34:23 AM] [twxdn#1] dido: said "/-radiotalk"
[10:34:37 AM] [twxdn#1] dido: said "/dutyon"
[10:36:43 AM] [twxdn#1] dido: said "/logout"
[10:36:43 AM] [twxdn#1] dido: said "/-radiotalk"
[10:37:10 AM] [twxdn#1] dido: said "/dutyon"
[10:42:43 AM] [twxdn#1] dido: said "/login"
[10:45:52 AM] [twxdn#1] dido: said "/login"
[10:51:51 AM] [twxdn#1] dido: disconnected (Exiting)
================================================================
======== txAdmin v8.0.1 atop fxserver 15859 Starting - 6/15/2025, 10:52:24 AM
================================================================
[10:52:29 AM] txAdmin: Logger started
[10:52:58 AM] [BQbhw#1] dido: joined with identifiers [steam:1100…83a1, license:4734…02ef, discord:2898…7489, fivem:213716, license2:4734…02ef]
[10:54:34 AM] [BQbhw#1] dido: said "/dutyon"
[10:58:58 AM] [BQbhw#1] dido: said "/logout"
[10:58:58 AM] [BQbhw#1] dido: said "/-radiotalk"
[10:59:32 AM] [BQbhw#1] dido: said "/dutyon"
[11:02:24 AM] [BQbhw#1] dido: said "/logout"
[11:02:24 AM] [BQbhw#1] dido: said "/-radiotalk"
[11:16:15 AM] [BQbhw#1] dido: said "/dutyon"
[11:17:36 AM] [BQbhw#1] dido: said "/logout"
[11:17:36 AM] [BQbhw#1] dido: said "/-radiotalk"
[11:17:52 AM] [BQbhw#1] dido: said "/dutyon"
[11:19:16 AM] [BQbhw#1] dido: said "/a"
[11:20:18 AM] [BQbhw#1] dido: said "/hud"
[11:21:04 AM] [BQbhw#1] dido: said "/-radiotalk"
[11:21:13 AM] [BQbhw#1] dido: said "/hud"
[11:21:44 AM] [BQbhw#1] dido: said "/hud"
[11:27:28 AM] [BQbhw#1] dido: disconnected (Exiting)
================================================================
======== txAdmin v8.0.1 atop fxserver 15859 Starting - 6/15/2025, 11:34:51 AM
================================================================
[11:34:56 AM] txAdmin: Logger started
================================================================
======== txAdmin v8.0.1 atop fxserver 15859 Starting - 6/15/2025, 11:35:19 AM
================================================================
[11:35:24 AM] txAdmin: Logger started
[11:35:55 AM] [AjnJC#1] dido: joined with identifiers [steam:1100…83a1, license:4734…02ef, discord:2898…7489, fivem:213716, license2:4734…02ef]
[11:45:21 AM] [AjnJC#1] dido: disconnected (Exiting)
================================================================
======== txAdmin v8.0.1 atop fxserver 15859 Starting - 6/15/2025, 11:45:25 AM
================================================================
[11:45:34 AM] txAdmin: Logger started
[11:46:04 AM] [f3EeK#1] dido: joined with identifiers [steam:1100…83a1, license:4734…02ef, discord:2898…7489, fivem:213716, license2:4734…02ef]
[11:48:31 AM] [f3EeK#1] dido: disconnected (Exiting)
================================================================
======== txAdmin v8.0.1 atop fxserver 15859 Starting - 6/15/2025, 11:52:10 AM
================================================================
[11:52:15 AM] txAdmin: Logger started
[11:52:48 AM] [bC4fk#1] dido: joined with identifiers [steam:1100…83a1, license:4734…02ef, discord:2898…7489, fivem:213716, license2:4734…02ef]
[12:02:09 PM] [bC4fk#1] dido: said "/dutyon"
================================================================
======== txAdmin v8.0.1 atop fxserver 15859 Starting - 6/15/2025, 12:04:48 PM
================================================================
[12:04:53 PM] txAdmin: Logger started
[12:05:48 PM] [GY8am#1] dido: joined with identifiers [steam:1100…83a1, license:4734…02ef, discord:2898…7489, fivem:213716, license2:4734…02ef]
[12:06:47 PM] [GY8am#1] dido: said "/DESTAT"
[12:06:51 PM] [GY8am#1] dido: said "/destat"
[12:06:52 PM] [GY8am#1] dido: said "/destaat"
[12:11:36 PM] [GY8am#1] dido: said "/чуит"
[12:11:36 PM] [GY8am#1] dido: disconnected (Exiting)
================================================================
======== txAdmin v8.0.1 atop fxserver 15859 Starting - 6/15/2025, 12:12:39 PM
================================================================
[12:12:44 PM] txAdmin: Logger started
[12:14:01 PM] [9NL8k#1] dido: joined with identifiers [steam:1100…83a1, license:4734…02ef, discord:2898…7489, fivem:213716, license2:4734…02ef]
[12:16:22 PM] [9NL8k#1] dido: disconnected (Exiting)
================================================================
======== txAdmin v8.0.1 atop fxserver 15859 Starting - 6/15/2025, 4:29:50 PM
================================================================
[4:29:55 PM] txAdmin: Logger started
[4:30:25 PM] [ErUQj#1] dido: joined with identifiers [steam:1100…83a1, license:4734…02ef, discord:2898…7489, fivem:213716, license2:4734…02ef]
[4:36:28 PM] [ErUQj#1] dido: said "/StateConfig"
[4:36:31 PM] [ErUQj#1] dido: said "/stateconfig"
[4:37:57 PM] [ErUQj#1] dido: disconnected (Exiting)
================================================================
======== txAdmin v8.0.1 atop fxserver 15859 Starting - 6/15/2025, 5:44:52 PM
================================================================
[5:44:57 PM] txAdmin: Logger started
[5:46:16 PM] [ERWh9#1] dido: joined with identifiers [steam:1100…83a1, license:4734…02ef, discord:2898…7489, fivem:213716, license2:4734…02ef]
[5:47:33 PM] [ERWh9#1] dido: said "/hud"
[5:50:26 PM] [ERWh9#1] dido: said "/hud"
[5:53:52 PM] [ERWh9#1] dido: said "/hud"
[5:53:58 PM] [ERWh9#1] dido: said "/hud"
[5:54:13 PM] [ERWh9#1] dido: said "/hud"
[5:54:24 PM] [ERWh9#1] dido: said "/hud"
[6:03:12 PM] [ERWh9#1] dido: said "/login"
[6:04:32 PM] [ERWh9#1] dido: said "/login"
[6:04:56 PM] [ERWh9#1] dido: said "/-radiotalk"
[6:07:46 PM] [ERWh9#1] dido: said "/login"
[6:08:15 PM] [ERWh9#1] dido: said "/login"
[6:08:52 PM] [ERWh9#1] dido: said "/login"
[6:14:57 PM] [ERWh9#1] dido: said "/login"
[6:17:14 PM] [ERWh9#1] dido: said "/login"
[6:17:25 PM] [ERWh9#1] dido: said "/login"
[6:17:44 PM] [ERWh9#1] dido: said "/login"
[6:18:47 PM] [ERWh9#1] dido: said "/login"
[6:20:12 PM] [ERWh9#1] dido: disconnected (Exiting)
================================================================
======== txAdmin v8.0.1 atop fxserver 15859 Starting - 6/15/2025, 10:19:36 PM
================================================================
[10:19:40 PM] txAdmin: Logger started
[10:20:19 PM] [Kq9pg#1] dido: joined with identifiers [steam:1100…83a1, license:4734…02ef, discord:2898…7489, fivem:213716, license2:4734…02ef]
[10:24:36 PM] [Kq9pg#1] dido: said "/login"
[10:24:53 PM] [Kq9pg#1] dido: said "/dutyon"
[10:29:07 PM] [Kq9pg#1] dido: disconnected (Exiting)
[10:30:26 PM] [Kq9pg#2] dido: joined with identifiers [steam:1100…83a1, license:4734…02ef, discord:2898…7489, fivem:213716, license2:4734…02ef]
[10:32:24 PM] [Kq9pg#2] dido: said "/pzrefersh"
[10:32:28 PM] [Kq9pg#2] dido: said "/pzrefresj"
[10:32:29 PM] [Kq9pg#2] dido: said "/pzrefres"
[10:32:30 PM] [Kq9pg#2] dido: said "/pzrefresh"
[10:32:37 PM] [Kq9pg#2] dido: disconnected (Exiting)
================================================================
======== txAdmin v8.0.1 atop fxserver 15859 Starting - 6/15/2025, 10:33:05 PM
================================================================
[10:33:09 PM] txAdmin: Logger started
[10:35:07 PM] [aQYma#1] dido: joined with identifiers [steam:1100…83a1, license:4734…02ef, discord:2898…7489, fivem:213716, license2:4734…02ef]
[10:39:48 PM] [aQYma#1] dido: said "/login"
[10:41:50 PM] [aQYma#1] dido: said "/login"
[10:47:58 PM] [aQYma#1] dido: said "/login"
[10:53:11 PM] [aQYma#1] dido: said "/login"
[10:56:51 PM] [aQYma#1] dido: said "/login"
[10:57:25 PM] [aQYma#1] dido: said "/DUTYON"
[11:00:14 PM] [aQYma#1] dido: said "/login"
[11:00:16 PM] [aQYma#1] dido: said "/logout"
[11:00:16 PM] [aQYma#1] dido: said "/-radiotalk"
[11:07:00 PM] [aQYma#1] dido: said "/dutyon"
[11:07:39 PM] [aQYma#1] dido: disconnected (Exiting)
