================================================================
======== txAdmin v7.3.2 atop fxserver 12911 Starting - 2/16/2025, 8:51:05 PM
================================================================
[8:51:50 PM] txAdmin: Logger started
================================================================
======== txAdmin v7.3.2 atop fxserver 12911 Starting - 2/16/2025, 8:52:29 PM
================================================================
[8:52:33 PM] txAdmin: Logger started
================================================================
======== txAdmin v7.3.2 atop fxserver 12911 Starting - 2/16/2025, 8:54:10 PM
================================================================
[8:54:14 PM] txAdmin: Logger started
================================================================
======== txAdmin v7.3.2 atop fxserver 12911 Starting - 2/16/2025, 8:54:26 PM
================================================================
[8:54:30 PM] txAdmin: Logger started
================================================================
======== txAdmin v7.3.2 atop fxserver 12911 Starting - 2/16/2025, 8:58:40 PM
================================================================
[8:58:44 PM] txAdmin: Logger started
[9:25:19 PM] [LjYVJ#1] dido: joined with identifiers [steam:1100001345183a1; license:d58a75506274c59ad37a2127d6835217e4bc76c7; discord:289814633919807489; fivem:213716; license2:d58a75506274c59ad37a2127d6835217e4bc76c7]
[11:18:10 PM] [LjYVJ#1] dido: disconnected (Exiting)
