================================================================
======== txAdmin v7.3.2 atop fxserver 12911 Starting - 2/18/2025, 6:55:13 PM
================================================================
================================================================
======== Log Rotated - 2/18/2025, 6:55:13 PM                    
================================================================
[6:55:18 PM] txAdmin: Logger started
[6:57:40 PM] [zX3Ui#1] dido: joined with identifiers [steam:1100001345183a1; license:d58a75506274c59ad37a2127d6835217e4bc76c7; fivem:213716; license2:d58a75506274c59ad37a2127d6835217e4bc76c7]
[7:00:14 PM] [zX3Ui#1] dido: said "/-radiotalk"
[7:00:44 PM] [zX3Ui#1] dido: said "/admin"
[7:00:47 PM] [zX3Ui#1] dido: said "/refrehs"
[7:00:49 PM] [zX3Ui#1] dido: disconnected (Exiting)
================================================================
======== txAdmin v7.3.2 atop fxserver 12911 Starting - 2/18/2025, 9:05:21 PM
================================================================
[9:05:25 PM] txAdmin: Logger started
[9:09:19 PM] [AxpYb#1] dido: joined with identifiers [steam:1100001345183a1; license:d58a75506274c59ad37a2127d6835217e4bc76c7; discord:289814633919807489; fivem:213716; license2:d58a75506274c59ad37a2127d6835217e4bc76c7]
[9:11:26 PM] [AxpYb#1] dido: said "/admin"
[9:11:45 PM] [AxpYb#1] dido: said "/admin"
[9:11:56 PM] [AxpYb#1] dido: said "/HANDSUP"
[9:11:59 PM] [AxpYb#1] dido: said "/handsu"
[9:12:02 PM] [AxpYb#1] dido: said "/e handsup"
[9:16:10 PM] [AxpYb#1] dido: said "/login"
[9:16:53 PM] [AxpYb#1] dido: said "/login"
[9:19:16 PM] [AxpYb#1] dido: said "/login"
[9:19:35 PM] [AxpYb#1] dido: said "/admin"
[9:19:43 PM] [AxpYb#1] dido: said "/login"
[9:20:10 PM] [AxpYb#1] dido: disconnected (Exiting)
