================================================================
======== txAdmin v8.0.1 atop fxserver 15859 Starting - 6/16/2025, 12:15:41 PM
================================================================
================================================================
======== Log Rotated - 6/16/2025, 12:15:42 PM                   
================================================================
[12:15:47 PM] txAdmin: Logger started
[12:16:26 PM] [WyiAA#1] dido: joined with identifiers [steam:1100…83a1, license:4734…02ef, discord:2898…7489, fivem:213716, license2:4734…02ef]
[12:19:50 PM] [WyiAA#1] dido: said "/login"
[12:20:40 PM] [WyiAA#1] dido: said "/login"
[12:21:25 PM] [WyiAA#1] dido: said "/login"
[12:21:45 PM] [WyiAA#1] dido: said "/login"
[12:29:27 PM] [WyiAA#1] dido: said "/login"
[12:30:24 PM] [WyiAA#1] dido: caused an explosion (CAR)
[12:30:24 PM] [WyiAA#1] dido: died from suicide (Explosion)
[12:30:29 PM] [WyiAA#1] dido: said "/revive"
[12:31:48 PM] [WyiAA#1] dido: said "/flagplate "
[12:32:02 PM] [WyiAA#1] dido: said "/flagplate "
[12:32:26 PM] [WyiAA#1] dido: said "/dutyon"
[12:37:16 PM] [WyiAA#1] dido: disconnected (Exiting)
================================================================
======== txAdmin v8.0.1 atop fxserver 15859 Starting - 6/16/2025, 4:17:48 PM
================================================================
[4:17:53 PM] txAdmin: Logger started
================================================================
======== txAdmin v8.0.1 atop fxserver 15859 Starting - 6/16/2025, 4:18:48 PM
================================================================
[4:18:56 PM] txAdmin: Logger started
[4:19:25 PM] [4Eqrt#1] dido: joined with identifiers [steam:1100…83a1, license:4734…02ef, discord:2898…7489, fivem:213716, license2:4734…02ef]
[4:21:15 PM] [4Eqrt#1] dido: said "/login"
[4:21:24 PM] [4Eqrt#1] dido: caused an explosion (GRENADE)
[4:21:24 PM] [4Eqrt#1] dido: caused an explosion (CAR)
================================================================
======== txAdmin v8.0.1 atop fxserver 15859 Starting - 6/16/2025, 4:45:44 PM
================================================================
[4:45:48 PM] txAdmin: Logger started
[4:46:27 PM] [BDmcC#1] dido: joined with identifiers [steam:1100…83a1, license:4734…02ef, discord:2898…7489, fivem:213716, license2:4734…02ef]
[4:56:27 PM] [BDmcC#1] dido: said "/stateConfig"
[5:15:00 PM] [BDmcC#1] dido: disconnected (Exiting)
================================================================
======== txAdmin v8.0.1 atop fxserver 15859 Starting - 6/16/2025, 11:42:34 PM
================================================================
[11:42:39 PM] txAdmin: Logger started
[11:43:47 PM] [yGbLc#1] dido: joined with identifiers [steam:1100…83a1, license:4734…02ef, discord:2898…7489, fivem:213716, license2:4734…02ef]
